Performing C SOURCE FILE Test CMAKE_HAVE_LIBC_PTHREAD failed with the following output:
Change Dir: /home/day/CTGUI/test2/iiCTs_v2025.8.22/Geant4Object/SpectrumSimulation/build/CMakeFiles/CMakeTmp

Run Build Command(s):/usr/bin/make cmTC_a3d52/fast && /usr/bin/make -f CMakeFiles/cmTC_a3d52.dir/build.make CMakeFiles/cmTC_a3d52.dir/build
make[1]: 进入目录“/home/day/CTGUI/test2/iiCTs_v2025.8.22/Geant4Object/SpectrumSimulation/build/CMakeFiles/CMakeTmp”
Building C object CMakeFiles/cmTC_a3d52.dir/src.c.o
/usr/bin/cc   -DCMAKE_HAVE_LIBC_PTHREAD   -o CMakeFiles/cmTC_a3d52.dir/src.c.o   -c /home/day/CTGUI/test2/iiCTs_v2025.8.22/Geant4Object/SpectrumSimulation/build/CMakeFiles/CMakeTmp/src.c
Linking C executable cmTC_a3d52
/usr/bin/cmake -E cmake_link_script CMakeFiles/cmTC_a3d52.dir/link.txt --verbose=1
/usr/bin/cc  -DCMAKE_HAVE_LIBC_PTHREAD    CMakeFiles/cmTC_a3d52.dir/src.c.o  -o cmTC_a3d52 
/usr/bin/ld: CMakeFiles/cmTC_a3d52.dir/src.c.o: in function `main':
src.c:(.text+0x46): undefined reference to `pthread_create'
/usr/bin/ld: src.c:(.text+0x52): undefined reference to `pthread_detach'
/usr/bin/ld: src.c:(.text+0x63): undefined reference to `pthread_join'
collect2: error: ld returned 1 exit status
make[1]: *** [CMakeFiles/cmTC_a3d52.dir/build.make:87：cmTC_a3d52] 错误 1
make[1]: 离开目录“/home/day/CTGUI/test2/iiCTs_v2025.8.22/Geant4Object/SpectrumSimulation/build/CMakeFiles/CMakeTmp”
make: *** [Makefile:121：cmTC_a3d52/fast] 错误 2


Source file was:
#include <pthread.h>

void* test_func(void* data)
{
  return data;
}

int main(void)
{
  pthread_t thread;
  pthread_create(&thread, NULL, test_func, NULL);
  pthread_detach(thread);
  pthread_join(thread, NULL);
  pthread_atfork(NULL, NULL, NULL);
  pthread_exit(NULL);

  return 0;
}

Performing C SOURCE FILE Test CMAKE_HAVE_LIBC_PTHREAD failed with the following output:
Change Dir: /home/day/CTGUI/test2/iiCTs_v2025.8.22/Geant4Object/SpectrumSimulation/build/CMakeFiles/CMakeTmp

Run Build Command(s):/usr/bin/make cmTC_0da68/fast && /usr/bin/make -f CMakeFiles/cmTC_0da68.dir/build.make CMakeFiles/cmTC_0da68.dir/build
make[1]: 进入目录“/home/day/CTGUI/test2/iiCTs_v2025.8.22/Geant4Object/SpectrumSimulation/build/CMakeFiles/CMakeTmp”
Building C object CMakeFiles/cmTC_0da68.dir/src.c.o
/usr/bin/cc   -DCMAKE_HAVE_LIBC_PTHREAD   -o CMakeFiles/cmTC_0da68.dir/src.c.o   -c /home/day/CTGUI/test2/iiCTs_v2025.8.22/Geant4Object/SpectrumSimulation/build/CMakeFiles/CMakeTmp/src.c
Linking C executable cmTC_0da68
/usr/bin/cmake -E cmake_link_script CMakeFiles/cmTC_0da68.dir/link.txt --verbose=1
/usr/bin/cc  -DCMAKE_HAVE_LIBC_PTHREAD    CMakeFiles/cmTC_0da68.dir/src.c.o  -o cmTC_0da68 
/usr/bin/ld: CMakeFiles/cmTC_0da68.dir/src.c.o: in function `main':
src.c:(.text+0x46): undefined reference to `pthread_create'
/usr/bin/ld: src.c:(.text+0x52): undefined reference to `pthread_detach'
/usr/bin/ld: src.c:(.text+0x63): undefined reference to `pthread_join'
collect2: error: ld returned 1 exit status
make[1]: *** [CMakeFiles/cmTC_0da68.dir/build.make:87：cmTC_0da68] 错误 1
make[1]: 离开目录“/home/day/CTGUI/test2/iiCTs_v2025.8.22/Geant4Object/SpectrumSimulation/build/CMakeFiles/CMakeTmp”
make: *** [Makefile:121：cmTC_0da68/fast] 错误 2


Source file was:
#include <pthread.h>

void* test_func(void* data)
{
  return data;
}

int main(void)
{
  pthread_t thread;
  pthread_create(&thread, NULL, test_func, NULL);
  pthread_detach(thread);
  pthread_join(thread, NULL);
  pthread_atfork(NULL, NULL, NULL);
  pthread_exit(NULL);

  return 0;
}

Performing C SOURCE FILE Test CMAKE_HAVE_LIBC_PTHREAD failed with the following output:
Change Dir: /home/day/CTGUI/test2/iiCTs_v2025.8.22/Geant4Object/SpectrumSimulation/build/CMakeFiles/CMakeTmp

Run Build Command(s):/usr/bin/make cmTC_23bdc/fast && /usr/bin/make -f CMakeFiles/cmTC_23bdc.dir/build.make CMakeFiles/cmTC_23bdc.dir/build
make[1]: 进入目录“/home/day/CTGUI/test2/iiCTs_v2025.8.22/Geant4Object/SpectrumSimulation/build/CMakeFiles/CMakeTmp”
Building C object CMakeFiles/cmTC_23bdc.dir/src.c.o
/usr/bin/cc   -DCMAKE_HAVE_LIBC_PTHREAD   -o CMakeFiles/cmTC_23bdc.dir/src.c.o   -c /home/day/CTGUI/test2/iiCTs_v2025.8.22/Geant4Object/SpectrumSimulation/build/CMakeFiles/CMakeTmp/src.c
Linking C executable cmTC_23bdc
/usr/bin/cmake -E cmake_link_script CMakeFiles/cmTC_23bdc.dir/link.txt --verbose=1
/usr/bin/cc  -DCMAKE_HAVE_LIBC_PTHREAD    CMakeFiles/cmTC_23bdc.dir/src.c.o  -o cmTC_23bdc 
/usr/bin/ld: CMakeFiles/cmTC_23bdc.dir/src.c.o: in function `main':
src.c:(.text+0x46): undefined reference to `pthread_create'
/usr/bin/ld: src.c:(.text+0x52): undefined reference to `pthread_detach'
/usr/bin/ld: src.c:(.text+0x63): undefined reference to `pthread_join'
collect2: error: ld returned 1 exit status
make[1]: *** [CMakeFiles/cmTC_23bdc.dir/build.make:87：cmTC_23bdc] 错误 1
make[1]: 离开目录“/home/day/CTGUI/test2/iiCTs_v2025.8.22/Geant4Object/SpectrumSimulation/build/CMakeFiles/CMakeTmp”
make: *** [Makefile:121：cmTC_23bdc/fast] 错误 2


Source file was:
#include <pthread.h>

void* test_func(void* data)
{
  return data;
}

int main(void)
{
  pthread_t thread;
  pthread_create(&thread, NULL, test_func, NULL);
  pthread_detach(thread);
  pthread_join(thread, NULL);
  pthread_atfork(NULL, NULL, NULL);
  pthread_exit(NULL);

  return 0;
}

Performing C SOURCE FILE Test CMAKE_HAVE_LIBC_PTHREAD failed with the following output:
Change Dir: /home/day/CTGUI/test2/iiCTs_v2025.8.22/Geant4Object/SpectrumSimulation/build/CMakeFiles/CMakeTmp

Run Build Command(s):/usr/bin/make cmTC_c2641/fast && /usr/bin/make -f CMakeFiles/cmTC_c2641.dir/build.make CMakeFiles/cmTC_c2641.dir/build
make[1]: 进入目录“/home/day/CTGUI/test2/iiCTs_v2025.8.22/Geant4Object/SpectrumSimulation/build/CMakeFiles/CMakeTmp”
Building C object CMakeFiles/cmTC_c2641.dir/src.c.o
/usr/bin/cc   -DCMAKE_HAVE_LIBC_PTHREAD   -o CMakeFiles/cmTC_c2641.dir/src.c.o   -c /home/day/CTGUI/test2/iiCTs_v2025.8.22/Geant4Object/SpectrumSimulation/build/CMakeFiles/CMakeTmp/src.c
Linking C executable cmTC_c2641
/usr/bin/cmake -E cmake_link_script CMakeFiles/cmTC_c2641.dir/link.txt --verbose=1
/usr/bin/cc  -DCMAKE_HAVE_LIBC_PTHREAD    CMakeFiles/cmTC_c2641.dir/src.c.o  -o cmTC_c2641 
/usr/bin/ld: CMakeFiles/cmTC_c2641.dir/src.c.o: in function `main':
src.c:(.text+0x46): undefined reference to `pthread_create'
/usr/bin/ld: src.c:(.text+0x52): undefined reference to `pthread_detach'
/usr/bin/ld: src.c:(.text+0x63): undefined reference to `pthread_join'
collect2: error: ld returned 1 exit status
make[1]: *** [CMakeFiles/cmTC_c2641.dir/build.make:87：cmTC_c2641] 错误 1
make[1]: 离开目录“/home/day/CTGUI/test2/iiCTs_v2025.8.22/Geant4Object/SpectrumSimulation/build/CMakeFiles/CMakeTmp”
make: *** [Makefile:121：cmTC_c2641/fast] 错误 2


Source file was:
#include <pthread.h>

void* test_func(void* data)
{
  return data;
}

int main(void)
{
  pthread_t thread;
  pthread_create(&thread, NULL, test_func, NULL);
  pthread_detach(thread);
  pthread_join(thread, NULL);
  pthread_atfork(NULL, NULL, NULL);
  pthread_exit(NULL);

  return 0;
}

Performing C SOURCE FILE Test CMAKE_HAVE_LIBC_PTHREAD failed with the following output:
Change Dir: /home/day/MySharedFolder/iiCTs_v2025.8.22/Geant4Object/SpectrumSimulation/build/CMakeFiles/CMakeTmp

Run Build Command(s):/usr/bin/make cmTC_e105f/fast && /usr/bin/make -f CMakeFiles/cmTC_e105f.dir/build.make CMakeFiles/cmTC_e105f.dir/build
make[1]: 进入目录“/mnt/hgfs/Myqtproject/iiCTs_v2025.8.22/Geant4Object/SpectrumSimulation/build/CMakeFiles/CMakeTmp”
Building C object CMakeFiles/cmTC_e105f.dir/src.c.o
/usr/bin/cc   -DCMAKE_HAVE_LIBC_PTHREAD   -o CMakeFiles/cmTC_e105f.dir/src.c.o   -c /home/day/MySharedFolder/iiCTs_v2025.8.22/Geant4Object/SpectrumSimulation/build/CMakeFiles/CMakeTmp/src.c
Linking C executable cmTC_e105f
/usr/bin/cmake -E cmake_link_script CMakeFiles/cmTC_e105f.dir/link.txt --verbose=1
/usr/bin/cc  -DCMAKE_HAVE_LIBC_PTHREAD    CMakeFiles/cmTC_e105f.dir/src.c.o  -o cmTC_e105f 
/usr/bin/ld: CMakeFiles/cmTC_e105f.dir/src.c.o: in function `main':
src.c:(.text+0x46): undefined reference to `pthread_create'
/usr/bin/ld: src.c:(.text+0x52): undefined reference to `pthread_detach'
/usr/bin/ld: src.c:(.text+0x63): undefined reference to `pthread_join'
collect2: error: ld returned 1 exit status
make[1]: *** [CMakeFiles/cmTC_e105f.dir/build.make:87：cmTC_e105f] 错误 1
make[1]: 离开目录“/mnt/hgfs/Myqtproject/iiCTs_v2025.8.22/Geant4Object/SpectrumSimulation/build/CMakeFiles/CMakeTmp”
make: *** [Makefile:121：cmTC_e105f/fast] 错误 2


Source file was:
#include <pthread.h>

void* test_func(void* data)
{
  return data;
}

int main(void)
{
  pthread_t thread;
  pthread_create(&thread, NULL, test_func, NULL);
  pthread_detach(thread);
  pthread_join(thread, NULL);
  pthread_atfork(NULL, NULL, NULL);
  pthread_exit(NULL);

  return 0;
}

Performing C SOURCE FILE Test CMAKE_HAVE_LIBC_PTHREAD failed with the following output:
Change Dir: /home/day/MySharedFolder/iiCTs_v2025.8.22/Geant4Object/SpectrumSimulation/build/CMakeFiles/CMakeTmp

Run Build Command(s):/usr/bin/make cmTC_95bb8/fast && /usr/bin/make -f CMakeFiles/cmTC_95bb8.dir/build.make CMakeFiles/cmTC_95bb8.dir/build
make[1]: 进入目录“/mnt/hgfs/Myqtproject/iiCTs_v2025.8.22/Geant4Object/SpectrumSimulation/build/CMakeFiles/CMakeTmp”
Building C object CMakeFiles/cmTC_95bb8.dir/src.c.o
/usr/bin/cc   -DCMAKE_HAVE_LIBC_PTHREAD   -o CMakeFiles/cmTC_95bb8.dir/src.c.o   -c /home/day/MySharedFolder/iiCTs_v2025.8.22/Geant4Object/SpectrumSimulation/build/CMakeFiles/CMakeTmp/src.c
Linking C executable cmTC_95bb8
/usr/bin/cmake -E cmake_link_script CMakeFiles/cmTC_95bb8.dir/link.txt --verbose=1
/usr/bin/cc  -DCMAKE_HAVE_LIBC_PTHREAD    CMakeFiles/cmTC_95bb8.dir/src.c.o  -o cmTC_95bb8 
/usr/bin/ld: CMakeFiles/cmTC_95bb8.dir/src.c.o: in function `main':
src.c:(.text+0x46): undefined reference to `pthread_create'
/usr/bin/ld: src.c:(.text+0x52): undefined reference to `pthread_detach'
/usr/bin/ld: src.c:(.text+0x63): undefined reference to `pthread_join'
collect2: error: ld returned 1 exit status
make[1]: *** [CMakeFiles/cmTC_95bb8.dir/build.make:87：cmTC_95bb8] 错误 1
make[1]: 离开目录“/mnt/hgfs/Myqtproject/iiCTs_v2025.8.22/Geant4Object/SpectrumSimulation/build/CMakeFiles/CMakeTmp”
make: *** [Makefile:121：cmTC_95bb8/fast] 错误 2


Source file was:
#include <pthread.h>

void* test_func(void* data)
{
  return data;
}

int main(void)
{
  pthread_t thread;
  pthread_create(&thread, NULL, test_func, NULL);
  pthread_detach(thread);
  pthread_join(thread, NULL);
  pthread_atfork(NULL, NULL, NULL);
  pthread_exit(NULL);

  return 0;
}

Performing C SOURCE FILE Test CMAKE_HAVE_LIBC_PTHREAD failed with the following output:
Change Dir: /home/day/MySharedFolder/iiCTs_v2025.8.22/Geant4Object/SpectrumSimulation/build/CMakeFiles/CMakeTmp

Run Build Command(s):/usr/bin/make cmTC_684ce/fast && make[1]: 进入目录“/mnt/hgfs/Myqtproject/iiCTs_v2025.8.22/Geant4Object/SpectrumSimulation/build/CMakeFiles/CMakeTmp”
/usr/bin/make -f CMakeFiles/cmTC_684ce.dir/build.make CMakeFiles/cmTC_684ce.dir/build
make[2]: 进入目录“/mnt/hgfs/Myqtproject/iiCTs_v2025.8.22/Geant4Object/SpectrumSimulation/build/CMakeFiles/CMakeTmp”
Building C object CMakeFiles/cmTC_684ce.dir/src.c.o
/usr/bin/cc   -DCMAKE_HAVE_LIBC_PTHREAD   -o CMakeFiles/cmTC_684ce.dir/src.c.o   -c /home/day/MySharedFolder/iiCTs_v2025.8.22/Geant4Object/SpectrumSimulation/build/CMakeFiles/CMakeTmp/src.c
Linking C executable cmTC_684ce
/usr/bin/cmake -E cmake_link_script CMakeFiles/cmTC_684ce.dir/link.txt --verbose=1
/usr/bin/cc  -DCMAKE_HAVE_LIBC_PTHREAD    CMakeFiles/cmTC_684ce.dir/src.c.o  -o cmTC_684ce 
/usr/bin/ld: CMakeFiles/cmTC_684ce.dir/src.c.o: in function `main':
src.c:(.text+0x46): undefined reference to `pthread_create'
/usr/bin/ld: src.c:(.text+0x52): undefined reference to `pthread_detach'
/usr/bin/ld: src.c:(.text+0x63): undefined reference to `pthread_join'
collect2: error: ld returned 1 exit status
make[2]: *** [CMakeFiles/cmTC_684ce.dir/build.make:87：cmTC_684ce] 错误 1
make[2]: 离开目录“/mnt/hgfs/Myqtproject/iiCTs_v2025.8.22/Geant4Object/SpectrumSimulation/build/CMakeFiles/CMakeTmp”
make[1]: *** [Makefile:121：cmTC_684ce/fast] 错误 2
make[1]: 离开目录“/mnt/hgfs/Myqtproject/iiCTs_v2025.8.22/Geant4Object/SpectrumSimulation/build/CMakeFiles/CMakeTmp”


Source file was:
#include <pthread.h>

void* test_func(void* data)
{
  return data;
}

int main(void)
{
  pthread_t thread;
  pthread_create(&thread, NULL, test_func, NULL);
  pthread_detach(thread);
  pthread_join(thread, NULL);
  pthread_atfork(NULL, NULL, NULL);
  pthread_exit(NULL);

  return 0;
}

