Performing C SOURCE FILE Test CMAKE_HAVE_LIBC_PTHREAD failed with the following output:
Change Dir: /home/day/CTGUI/test2/iiCTs_v2025.8.22/Geant4Object/CBCT/build/CMakeFiles/CMakeTmp

Run Build Command(s):/usr/bin/make cmTC_d91ec/fast && /usr/bin/make -f CMakeFiles/cmTC_d91ec.dir/build.make CMakeFiles/cmTC_d91ec.dir/build
make[1]: 进入目录“/home/day/CTGUI/test2/iiCTs_v2025.8.22/Geant4Object/CBCT/build/CMakeFiles/CMakeTmp”
Building C object CMakeFiles/cmTC_d91ec.dir/src.c.o
/usr/bin/cc   -DCMAKE_HAVE_LIBC_PTHREAD   -o CMakeFiles/cmTC_d91ec.dir/src.c.o   -c /home/day/CTGUI/test2/iiCTs_v2025.8.22/Geant4Object/CBCT/build/CMakeFiles/CMakeTmp/src.c
Linking C executable cmTC_d91ec
/usr/bin/cmake -E cmake_link_script CMakeFiles/cmTC_d91ec.dir/link.txt --verbose=1
/usr/bin/cc  -DCMAKE_HAVE_LIBC_PTHREAD    CMakeFiles/cmTC_d91ec.dir/src.c.o  -o cmTC_d91ec 
/usr/bin/ld: CMakeFiles/cmTC_d91ec.dir/src.c.o: in function `main':
src.c:(.text+0x46): undefined reference to `pthread_create'
/usr/bin/ld: src.c:(.text+0x52): undefined reference to `pthread_detach'
/usr/bin/ld: src.c:(.text+0x63): undefined reference to `pthread_join'
collect2: error: ld returned 1 exit status
make[1]: *** [CMakeFiles/cmTC_d91ec.dir/build.make:87：cmTC_d91ec] 错误 1
make[1]: 离开目录“/home/day/CTGUI/test2/iiCTs_v2025.8.22/Geant4Object/CBCT/build/CMakeFiles/CMakeTmp”
make: *** [Makefile:121：cmTC_d91ec/fast] 错误 2


Source file was:
#include <pthread.h>

void* test_func(void* data)
{
  return data;
}

int main(void)
{
  pthread_t thread;
  pthread_create(&thread, NULL, test_func, NULL);
  pthread_detach(thread);
  pthread_join(thread, NULL);
  pthread_atfork(NULL, NULL, NULL);
  pthread_exit(NULL);

  return 0;
}

Performing C SOURCE FILE Test CMAKE_HAVE_LIBC_PTHREAD failed with the following output:
Change Dir: /home/day/CTGUI/test2/iiCTs_v2025.8.22/Geant4Object/CBCT/build/CMakeFiles/CMakeTmp

Run Build Command(s):/usr/bin/make cmTC_086c9/fast && /usr/bin/make -f CMakeFiles/cmTC_086c9.dir/build.make CMakeFiles/cmTC_086c9.dir/build
make[1]: 进入目录“/home/day/CTGUI/test2/iiCTs_v2025.8.22/Geant4Object/CBCT/build/CMakeFiles/CMakeTmp”
Building C object CMakeFiles/cmTC_086c9.dir/src.c.o
/usr/bin/cc   -DCMAKE_HAVE_LIBC_PTHREAD   -o CMakeFiles/cmTC_086c9.dir/src.c.o   -c /home/day/CTGUI/test2/iiCTs_v2025.8.22/Geant4Object/CBCT/build/CMakeFiles/CMakeTmp/src.c
Linking C executable cmTC_086c9
/usr/bin/cmake -E cmake_link_script CMakeFiles/cmTC_086c9.dir/link.txt --verbose=1
/usr/bin/cc  -DCMAKE_HAVE_LIBC_PTHREAD    CMakeFiles/cmTC_086c9.dir/src.c.o  -o cmTC_086c9 
/usr/bin/ld: CMakeFiles/cmTC_086c9.dir/src.c.o: in function `main':
src.c:(.text+0x46): undefined reference to `pthread_create'
/usr/bin/ld: src.c:(.text+0x52): undefined reference to `pthread_detach'
/usr/bin/ld: src.c:(.text+0x63): undefined reference to `pthread_join'
collect2: error: ld returned 1 exit status
make[1]: *** [CMakeFiles/cmTC_086c9.dir/build.make:87：cmTC_086c9] 错误 1
make[1]: 离开目录“/home/day/CTGUI/test2/iiCTs_v2025.8.22/Geant4Object/CBCT/build/CMakeFiles/CMakeTmp”
make: *** [Makefile:121：cmTC_086c9/fast] 错误 2


Source file was:
#include <pthread.h>

void* test_func(void* data)
{
  return data;
}

int main(void)
{
  pthread_t thread;
  pthread_create(&thread, NULL, test_func, NULL);
  pthread_detach(thread);
  pthread_join(thread, NULL);
  pthread_atfork(NULL, NULL, NULL);
  pthread_exit(NULL);

  return 0;
}

Performing C SOURCE FILE Test CMAKE_HAVE_LIBC_PTHREAD failed with the following output:
Change Dir: /home/day/CTGUI/test2/iiCTs_v2025.8.22/Geant4Object/CBCT/build/CMakeFiles/CMakeTmp

Run Build Command(s):/usr/bin/make cmTC_a78b5/fast && /usr/bin/make -f CMakeFiles/cmTC_a78b5.dir/build.make CMakeFiles/cmTC_a78b5.dir/build
make[1]: 进入目录“/home/day/CTGUI/test2/iiCTs_v2025.8.22/Geant4Object/CBCT/build/CMakeFiles/CMakeTmp”
Building C object CMakeFiles/cmTC_a78b5.dir/src.c.o
/usr/bin/cc   -DCMAKE_HAVE_LIBC_PTHREAD   -o CMakeFiles/cmTC_a78b5.dir/src.c.o   -c /home/day/CTGUI/test2/iiCTs_v2025.8.22/Geant4Object/CBCT/build/CMakeFiles/CMakeTmp/src.c
Linking C executable cmTC_a78b5
/usr/bin/cmake -E cmake_link_script CMakeFiles/cmTC_a78b5.dir/link.txt --verbose=1
/usr/bin/cc  -DCMAKE_HAVE_LIBC_PTHREAD    CMakeFiles/cmTC_a78b5.dir/src.c.o  -o cmTC_a78b5 
/usr/bin/ld: CMakeFiles/cmTC_a78b5.dir/src.c.o: in function `main':
src.c:(.text+0x46): undefined reference to `pthread_create'
/usr/bin/ld: src.c:(.text+0x52): undefined reference to `pthread_detach'
/usr/bin/ld: src.c:(.text+0x63): undefined reference to `pthread_join'
collect2: error: ld returned 1 exit status
make[1]: *** [CMakeFiles/cmTC_a78b5.dir/build.make:87：cmTC_a78b5] 错误 1
make[1]: 离开目录“/home/day/CTGUI/test2/iiCTs_v2025.8.22/Geant4Object/CBCT/build/CMakeFiles/CMakeTmp”
make: *** [Makefile:121：cmTC_a78b5/fast] 错误 2


Source file was:
#include <pthread.h>

void* test_func(void* data)
{
  return data;
}

int main(void)
{
  pthread_t thread;
  pthread_create(&thread, NULL, test_func, NULL);
  pthread_detach(thread);
  pthread_join(thread, NULL);
  pthread_atfork(NULL, NULL, NULL);
  pthread_exit(NULL);

  return 0;
}

Performing C SOURCE FILE Test CMAKE_HAVE_LIBC_PTHREAD failed with the following output:
Change Dir: /home/day/CTGUI/test2/iiCTs_v2025.8.22/Geant4Object/CBCT/build/CMakeFiles/CMakeTmp

Run Build Command(s):/usr/bin/make cmTC_16353/fast && /usr/bin/make -f CMakeFiles/cmTC_16353.dir/build.make CMakeFiles/cmTC_16353.dir/build
make[1]: 进入目录“/home/day/CTGUI/test2/iiCTs_v2025.8.22/Geant4Object/CBCT/build/CMakeFiles/CMakeTmp”
Building C object CMakeFiles/cmTC_16353.dir/src.c.o
/usr/bin/cc   -DCMAKE_HAVE_LIBC_PTHREAD   -o CMakeFiles/cmTC_16353.dir/src.c.o   -c /home/day/CTGUI/test2/iiCTs_v2025.8.22/Geant4Object/CBCT/build/CMakeFiles/CMakeTmp/src.c
Linking C executable cmTC_16353
/usr/bin/cmake -E cmake_link_script CMakeFiles/cmTC_16353.dir/link.txt --verbose=1
/usr/bin/cc  -DCMAKE_HAVE_LIBC_PTHREAD    CMakeFiles/cmTC_16353.dir/src.c.o  -o cmTC_16353 
/usr/bin/ld: CMakeFiles/cmTC_16353.dir/src.c.o: in function `main':
src.c:(.text+0x46): undefined reference to `pthread_create'
/usr/bin/ld: src.c:(.text+0x52): undefined reference to `pthread_detach'
/usr/bin/ld: src.c:(.text+0x63): undefined reference to `pthread_join'
collect2: error: ld returned 1 exit status
make[1]: *** [CMakeFiles/cmTC_16353.dir/build.make:87：cmTC_16353] 错误 1
make[1]: 离开目录“/home/day/CTGUI/test2/iiCTs_v2025.8.22/Geant4Object/CBCT/build/CMakeFiles/CMakeTmp”
make: *** [Makefile:121：cmTC_16353/fast] 错误 2


Source file was:
#include <pthread.h>

void* test_func(void* data)
{
  return data;
}

int main(void)
{
  pthread_t thread;
  pthread_create(&thread, NULL, test_func, NULL);
  pthread_detach(thread);
  pthread_join(thread, NULL);
  pthread_atfork(NULL, NULL, NULL);
  pthread_exit(NULL);

  return 0;
}

