Performing C SOURCE FILE Test CMAKE_HAVE_LIBC_PTHREAD failed with the following output:
Change Dir: /home/day/Geant4/geant4-install/share/Geant4/examples/extended/medical/Script/build/CMakeFiles/CMakeTmp

Run Build Command(s):/usr/bin/make cmTC_5b8c0/fast && /usr/bin/make -f CMakeFiles/cmTC_5b8c0.dir/build.make CMakeFiles/cmTC_5b8c0.dir/build
make[1]: 进入目录“/home/day/Geant4/geant4-install/share/Geant4/examples/extended/medical/Script/build/CMakeFiles/CMakeTmp”
Building C object CMakeFiles/cmTC_5b8c0.dir/src.c.o
/usr/bin/cc   -DCMAKE_HAVE_LIBC_PTHREAD   -o CMakeFiles/cmTC_5b8c0.dir/src.c.o   -c /home/day/Geant4/geant4-install/share/Geant4/examples/extended/medical/Script/build/CMakeFiles/CMakeTmp/src.c
Linking C executable cmTC_5b8c0
/usr/bin/cmake -E cmake_link_script CMakeFiles/cmTC_5b8c0.dir/link.txt --verbose=1
/usr/bin/cc  -DCMAKE_HAVE_LIBC_PTHREAD    CMakeFiles/cmTC_5b8c0.dir/src.c.o  -o cmTC_5b8c0 
/usr/bin/ld: CMakeFiles/cmTC_5b8c0.dir/src.c.o: in function `main':
src.c:(.text+0x46): undefined reference to `pthread_create'
/usr/bin/ld: src.c:(.text+0x52): undefined reference to `pthread_detach'
/usr/bin/ld: src.c:(.text+0x63): undefined reference to `pthread_join'
collect2: error: ld returned 1 exit status
make[1]: *** [CMakeFiles/cmTC_5b8c0.dir/build.make:87：cmTC_5b8c0] 错误 1
make[1]: 离开目录“/home/day/Geant4/geant4-install/share/Geant4/examples/extended/medical/Script/build/CMakeFiles/CMakeTmp”
make: *** [Makefile:121：cmTC_5b8c0/fast] 错误 2


Source file was:
#include <pthread.h>

void* test_func(void* data)
{
  return data;
}

int main(void)
{
  pthread_t thread;
  pthread_create(&thread, NULL, test_func, NULL);
  pthread_detach(thread);
  pthread_join(thread, NULL);
  pthread_atfork(NULL, NULL, NULL);
  pthread_exit(NULL);

  return 0;
}

Performing C SOURCE FILE Test CMAKE_HAVE_LIBC_PTHREAD failed with the following output:
Change Dir: /home/day/Geant4/geant4-install/share/Geant4/examples/extended/medical/Script/build/CMakeFiles/CMakeTmp

Run Build Command(s):/usr/bin/make cmTC_9b642/fast && /usr/bin/make -f CMakeFiles/cmTC_9b642.dir/build.make CMakeFiles/cmTC_9b642.dir/build
make[1]: 进入目录“/home/day/Geant4/geant4-install/share/Geant4/examples/extended/medical/Script/build/CMakeFiles/CMakeTmp”
Building C object CMakeFiles/cmTC_9b642.dir/src.c.o
/usr/bin/cc   -DCMAKE_HAVE_LIBC_PTHREAD   -o CMakeFiles/cmTC_9b642.dir/src.c.o   -c /home/day/Geant4/geant4-install/share/Geant4/examples/extended/medical/Script/build/CMakeFiles/CMakeTmp/src.c
Linking C executable cmTC_9b642
/usr/bin/cmake -E cmake_link_script CMakeFiles/cmTC_9b642.dir/link.txt --verbose=1
/usr/bin/cc  -DCMAKE_HAVE_LIBC_PTHREAD    CMakeFiles/cmTC_9b642.dir/src.c.o  -o cmTC_9b642 
/usr/bin/ld: CMakeFiles/cmTC_9b642.dir/src.c.o: in function `main':
src.c:(.text+0x46): undefined reference to `pthread_create'
/usr/bin/ld: src.c:(.text+0x52): undefined reference to `pthread_detach'
/usr/bin/ld: src.c:(.text+0x63): undefined reference to `pthread_join'
collect2: error: ld returned 1 exit status
make[1]: *** [CMakeFiles/cmTC_9b642.dir/build.make:87：cmTC_9b642] 错误 1
make[1]: 离开目录“/home/day/Geant4/geant4-install/share/Geant4/examples/extended/medical/Script/build/CMakeFiles/CMakeTmp”
make: *** [Makefile:121：cmTC_9b642/fast] 错误 2


Source file was:
#include <pthread.h>

void* test_func(void* data)
{
  return data;
}

int main(void)
{
  pthread_t thread;
  pthread_create(&thread, NULL, test_func, NULL);
  pthread_detach(thread);
  pthread_join(thread, NULL);
  pthread_atfork(NULL, NULL, NULL);
  pthread_exit(NULL);

  return 0;
}

Performing C SOURCE FILE Test CMAKE_HAVE_LIBC_PTHREAD failed with the following output:
Change Dir: /home/day/Geant4/geant4-install/share/Geant4/examples/extended/medical/Script/build/CMakeFiles/CMakeTmp

Run Build Command(s):/usr/bin/make cmTC_ab90b/fast && /usr/bin/make -f CMakeFiles/cmTC_ab90b.dir/build.make CMakeFiles/cmTC_ab90b.dir/build
make[1]: 进入目录“/home/day/Geant4/geant4-install/share/Geant4/examples/extended/medical/Script/build/CMakeFiles/CMakeTmp”
Building C object CMakeFiles/cmTC_ab90b.dir/src.c.o
/usr/bin/cc   -DCMAKE_HAVE_LIBC_PTHREAD   -o CMakeFiles/cmTC_ab90b.dir/src.c.o   -c /home/day/Geant4/geant4-install/share/Geant4/examples/extended/medical/Script/build/CMakeFiles/CMakeTmp/src.c
Linking C executable cmTC_ab90b
/usr/bin/cmake -E cmake_link_script CMakeFiles/cmTC_ab90b.dir/link.txt --verbose=1
/usr/bin/cc  -DCMAKE_HAVE_LIBC_PTHREAD    CMakeFiles/cmTC_ab90b.dir/src.c.o  -o cmTC_ab90b 
/usr/bin/ld: CMakeFiles/cmTC_ab90b.dir/src.c.o: in function `main':
src.c:(.text+0x46): undefined reference to `pthread_create'
/usr/bin/ld: src.c:(.text+0x52): undefined reference to `pthread_detach'
/usr/bin/ld: src.c:(.text+0x63): undefined reference to `pthread_join'
collect2: error: ld returned 1 exit status
make[1]: *** [CMakeFiles/cmTC_ab90b.dir/build.make:87：cmTC_ab90b] 错误 1
make[1]: 离开目录“/home/day/Geant4/geant4-install/share/Geant4/examples/extended/medical/Script/build/CMakeFiles/CMakeTmp”
make: *** [Makefile:121：cmTC_ab90b/fast] 错误 2


Source file was:
#include <pthread.h>

void* test_func(void* data)
{
  return data;
}

int main(void)
{
  pthread_t thread;
  pthread_create(&thread, NULL, test_func, NULL);
  pthread_detach(thread);
  pthread_join(thread, NULL);
  pthread_atfork(NULL, NULL, NULL);
  pthread_exit(NULL);

  return 0;
}

Performing C SOURCE FILE Test CMAKE_HAVE_LIBC_PTHREAD failed with the following output:
Change Dir: /home/day/Geant4/geant4-install/share/Geant4/examples/extended/medical/Script/build/CMakeFiles/CMakeTmp

Run Build Command(s):/usr/bin/make cmTC_5ab09/fast && /usr/bin/make -f CMakeFiles/cmTC_5ab09.dir/build.make CMakeFiles/cmTC_5ab09.dir/build
make[1]: 进入目录“/home/day/Geant4/geant4-install/share/Geant4/examples/extended/medical/Script/build/CMakeFiles/CMakeTmp”
Building C object CMakeFiles/cmTC_5ab09.dir/src.c.o
/usr/bin/cc   -DCMAKE_HAVE_LIBC_PTHREAD   -o CMakeFiles/cmTC_5ab09.dir/src.c.o   -c /home/day/Geant4/geant4-install/share/Geant4/examples/extended/medical/Script/build/CMakeFiles/CMakeTmp/src.c
Linking C executable cmTC_5ab09
/usr/bin/cmake -E cmake_link_script CMakeFiles/cmTC_5ab09.dir/link.txt --verbose=1
/usr/bin/cc  -DCMAKE_HAVE_LIBC_PTHREAD    CMakeFiles/cmTC_5ab09.dir/src.c.o  -o cmTC_5ab09 
/usr/bin/ld: CMakeFiles/cmTC_5ab09.dir/src.c.o: in function `main':
src.c:(.text+0x46): undefined reference to `pthread_create'
/usr/bin/ld: src.c:(.text+0x52): undefined reference to `pthread_detach'
/usr/bin/ld: src.c:(.text+0x63): undefined reference to `pthread_join'
collect2: error: ld returned 1 exit status
make[1]: *** [CMakeFiles/cmTC_5ab09.dir/build.make:87：cmTC_5ab09] 错误 1
make[1]: 离开目录“/home/day/Geant4/geant4-install/share/Geant4/examples/extended/medical/Script/build/CMakeFiles/CMakeTmp”
make: *** [Makefile:121：cmTC_5ab09/fast] 错误 2


Source file was:
#include <pthread.h>

void* test_func(void* data)
{
  return data;
}

int main(void)
{
  pthread_t thread;
  pthread_create(&thread, NULL, test_func, NULL);
  pthread_detach(thread);
  pthread_join(thread, NULL);
  pthread_atfork(NULL, NULL, NULL);
  pthread_exit(NULL);

  return 0;
}

Performing C SOURCE FILE Test CMAKE_HAVE_LIBC_PTHREAD failed with the following output:
Change Dir: /home/day/Geant4/geant4-install/share/Geant4/examples/extended/medical/Script/build/CMakeFiles/CMakeTmp

Run Build Command(s):/usr/bin/make cmTC_70c9f/fast && /usr/bin/make -f CMakeFiles/cmTC_70c9f.dir/build.make CMakeFiles/cmTC_70c9f.dir/build
make[1]: 进入目录“/home/day/Geant4/geant4-install/share/Geant4/examples/extended/medical/Script/build/CMakeFiles/CMakeTmp”
Building C object CMakeFiles/cmTC_70c9f.dir/src.c.o
/usr/bin/cc   -DCMAKE_HAVE_LIBC_PTHREAD   -o CMakeFiles/cmTC_70c9f.dir/src.c.o   -c /home/day/Geant4/geant4-install/share/Geant4/examples/extended/medical/Script/build/CMakeFiles/CMakeTmp/src.c
Linking C executable cmTC_70c9f
/usr/bin/cmake -E cmake_link_script CMakeFiles/cmTC_70c9f.dir/link.txt --verbose=1
/usr/bin/cc  -DCMAKE_HAVE_LIBC_PTHREAD    CMakeFiles/cmTC_70c9f.dir/src.c.o  -o cmTC_70c9f 
/usr/bin/ld: CMakeFiles/cmTC_70c9f.dir/src.c.o: in function `main':
src.c:(.text+0x46): undefined reference to `pthread_create'
/usr/bin/ld: src.c:(.text+0x52): undefined reference to `pthread_detach'
/usr/bin/ld: src.c:(.text+0x63): undefined reference to `pthread_join'
collect2: error: ld returned 1 exit status
make[1]: *** [CMakeFiles/cmTC_70c9f.dir/build.make:87：cmTC_70c9f] 错误 1
make[1]: 离开目录“/home/day/Geant4/geant4-install/share/Geant4/examples/extended/medical/Script/build/CMakeFiles/CMakeTmp”
make: *** [Makefile:121：cmTC_70c9f/fast] 错误 2


Source file was:
#include <pthread.h>

void* test_func(void* data)
{
  return data;
}

int main(void)
{
  pthread_t thread;
  pthread_create(&thread, NULL, test_func, NULL);
  pthread_detach(thread);
  pthread_join(thread, NULL);
  pthread_atfork(NULL, NULL, NULL);
  pthread_exit(NULL);

  return 0;
}

Performing C SOURCE FILE Test CMAKE_HAVE_LIBC_PTHREAD failed with the following output:
Change Dir: /home/day/Geant4/geant4-install/share/Geant4/examples/extended/medical/HelicalCT/build/CMakeFiles/CMakeTmp

Run Build Command(s):/usr/bin/make cmTC_62b43/fast && /usr/bin/make -f CMakeFiles/cmTC_62b43.dir/build.make CMakeFiles/cmTC_62b43.dir/build
make[1]: 进入目录“/home/day/Geant4/geant4-install/share/Geant4/examples/extended/medical/HelicalCT/build/CMakeFiles/CMakeTmp”
Building C object CMakeFiles/cmTC_62b43.dir/src.c.o
/usr/bin/cc   -DCMAKE_HAVE_LIBC_PTHREAD   -o CMakeFiles/cmTC_62b43.dir/src.c.o   -c /home/day/Geant4/geant4-install/share/Geant4/examples/extended/medical/HelicalCT/build/CMakeFiles/CMakeTmp/src.c
Linking C executable cmTC_62b43
/usr/bin/cmake -E cmake_link_script CMakeFiles/cmTC_62b43.dir/link.txt --verbose=1
/usr/bin/cc  -DCMAKE_HAVE_LIBC_PTHREAD    CMakeFiles/cmTC_62b43.dir/src.c.o  -o cmTC_62b43 
/usr/bin/ld: CMakeFiles/cmTC_62b43.dir/src.c.o: in function `main':
src.c:(.text+0x46): undefined reference to `pthread_create'
/usr/bin/ld: src.c:(.text+0x52): undefined reference to `pthread_detach'
/usr/bin/ld: src.c:(.text+0x63): undefined reference to `pthread_join'
collect2: error: ld returned 1 exit status
make[1]: *** [CMakeFiles/cmTC_62b43.dir/build.make:87：cmTC_62b43] 错误 1
make[1]: 离开目录“/home/day/Geant4/geant4-install/share/Geant4/examples/extended/medical/HelicalCT/build/CMakeFiles/CMakeTmp”
make: *** [Makefile:121：cmTC_62b43/fast] 错误 2


Source file was:
#include <pthread.h>

void* test_func(void* data)
{
  return data;
}

int main(void)
{
  pthread_t thread;
  pthread_create(&thread, NULL, test_func, NULL);
  pthread_detach(thread);
  pthread_join(thread, NULL);
  pthread_atfork(NULL, NULL, NULL);
  pthread_exit(NULL);

  return 0;
}

Performing C SOURCE FILE Test CMAKE_HAVE_LIBC_PTHREAD failed with the following output:
Change Dir: /home/day/Geant4/geant4-install/share/Geant4/examples/extended/medical/StaticCT_interval/build/CMakeFiles/CMakeTmp

Run Build Command(s):/usr/bin/make cmTC_c8a9f/fast && /usr/bin/make -f CMakeFiles/cmTC_c8a9f.dir/build.make CMakeFiles/cmTC_c8a9f.dir/build
make[1]: 进入目录“/home/day/Geant4/geant4-install/share/Geant4/examples/extended/medical/StaticCT_interval/build/CMakeFiles/CMakeTmp”
Building C object CMakeFiles/cmTC_c8a9f.dir/src.c.o
/usr/bin/cc   -DCMAKE_HAVE_LIBC_PTHREAD   -o CMakeFiles/cmTC_c8a9f.dir/src.c.o   -c /home/day/Geant4/geant4-install/share/Geant4/examples/extended/medical/StaticCT_interval/build/CMakeFiles/CMakeTmp/src.c
Linking C executable cmTC_c8a9f
/usr/bin/cmake -E cmake_link_script CMakeFiles/cmTC_c8a9f.dir/link.txt --verbose=1
/usr/bin/cc  -DCMAKE_HAVE_LIBC_PTHREAD    CMakeFiles/cmTC_c8a9f.dir/src.c.o  -o cmTC_c8a9f 
/usr/bin/ld: CMakeFiles/cmTC_c8a9f.dir/src.c.o: in function `main':
src.c:(.text+0x46): undefined reference to `pthread_create'
/usr/bin/ld: src.c:(.text+0x52): undefined reference to `pthread_detach'
/usr/bin/ld: src.c:(.text+0x63): undefined reference to `pthread_join'
collect2: error: ld returned 1 exit status
make[1]: *** [CMakeFiles/cmTC_c8a9f.dir/build.make:87：cmTC_c8a9f] 错误 1
make[1]: 离开目录“/home/day/Geant4/geant4-install/share/Geant4/examples/extended/medical/StaticCT_interval/build/CMakeFiles/CMakeTmp”
make: *** [Makefile:121：cmTC_c8a9f/fast] 错误 2


Source file was:
#include <pthread.h>

void* test_func(void* data)
{
  return data;
}

int main(void)
{
  pthread_t thread;
  pthread_create(&thread, NULL, test_func, NULL);
  pthread_detach(thread);
  pthread_join(thread, NULL);
  pthread_atfork(NULL, NULL, NULL);
  pthread_exit(NULL);

  return 0;
}

Performing C SOURCE FILE Test CMAKE_HAVE_LIBC_PTHREAD failed with the following output:
Change Dir: /home/day/CTGUI/test2/iiCTs_v2025.8.22/Geant4Object/StaticCT_interval/build/CMakeFiles/CMakeTmp

Run Build Command(s):/usr/bin/make cmTC_08c29/fast && /usr/bin/make -f CMakeFiles/cmTC_08c29.dir/build.make CMakeFiles/cmTC_08c29.dir/build
make[1]: 进入目录“/home/day/CTGUI/test2/iiCTs_v2025.8.22/Geant4Object/StaticCT_interval/build/CMakeFiles/CMakeTmp”
Building C object CMakeFiles/cmTC_08c29.dir/src.c.o
/usr/bin/cc   -DCMAKE_HAVE_LIBC_PTHREAD   -o CMakeFiles/cmTC_08c29.dir/src.c.o   -c /home/day/CTGUI/test2/iiCTs_v2025.8.22/Geant4Object/StaticCT_interval/build/CMakeFiles/CMakeTmp/src.c
Linking C executable cmTC_08c29
/usr/bin/cmake -E cmake_link_script CMakeFiles/cmTC_08c29.dir/link.txt --verbose=1
/usr/bin/cc  -DCMAKE_HAVE_LIBC_PTHREAD    CMakeFiles/cmTC_08c29.dir/src.c.o  -o cmTC_08c29 
/usr/bin/ld: CMakeFiles/cmTC_08c29.dir/src.c.o: in function `main':
src.c:(.text+0x46): undefined reference to `pthread_create'
/usr/bin/ld: src.c:(.text+0x52): undefined reference to `pthread_detach'
/usr/bin/ld: src.c:(.text+0x63): undefined reference to `pthread_join'
collect2: error: ld returned 1 exit status
make[1]: *** [CMakeFiles/cmTC_08c29.dir/build.make:87：cmTC_08c29] 错误 1
make[1]: 离开目录“/home/day/CTGUI/test2/iiCTs_v2025.8.22/Geant4Object/StaticCT_interval/build/CMakeFiles/CMakeTmp”
make: *** [Makefile:121：cmTC_08c29/fast] 错误 2


Source file was:
#include <pthread.h>

void* test_func(void* data)
{
  return data;
}

int main(void)
{
  pthread_t thread;
  pthread_create(&thread, NULL, test_func, NULL);
  pthread_detach(thread);
  pthread_join(thread, NULL);
  pthread_atfork(NULL, NULL, NULL);
  pthread_exit(NULL);

  return 0;
}

Performing C SOURCE FILE Test CMAKE_HAVE_LIBC_PTHREAD failed with the following output:
Change Dir: /home/day/CTGUI/test2/iiCTs_v2025.8.22/Geant4Object/StaticCT_interval/build/CMakeFiles/CMakeTmp

Run Build Command(s):/usr/bin/make cmTC_d7276/fast && /usr/bin/make -f CMakeFiles/cmTC_d7276.dir/build.make CMakeFiles/cmTC_d7276.dir/build
make[1]: 进入目录“/home/day/CTGUI/test2/iiCTs_v2025.8.22/Geant4Object/StaticCT_interval/build/CMakeFiles/CMakeTmp”
Building C object CMakeFiles/cmTC_d7276.dir/src.c.o
/usr/bin/cc   -DCMAKE_HAVE_LIBC_PTHREAD   -o CMakeFiles/cmTC_d7276.dir/src.c.o   -c /home/day/CTGUI/test2/iiCTs_v2025.8.22/Geant4Object/StaticCT_interval/build/CMakeFiles/CMakeTmp/src.c
Linking C executable cmTC_d7276
/usr/bin/cmake -E cmake_link_script CMakeFiles/cmTC_d7276.dir/link.txt --verbose=1
/usr/bin/cc  -DCMAKE_HAVE_LIBC_PTHREAD    CMakeFiles/cmTC_d7276.dir/src.c.o  -o cmTC_d7276 
/usr/bin/ld: CMakeFiles/cmTC_d7276.dir/src.c.o: in function `main':
src.c:(.text+0x46): undefined reference to `pthread_create'
/usr/bin/ld: src.c:(.text+0x52): undefined reference to `pthread_detach'
/usr/bin/ld: src.c:(.text+0x63): undefined reference to `pthread_join'
collect2: error: ld returned 1 exit status
make[1]: *** [CMakeFiles/cmTC_d7276.dir/build.make:87：cmTC_d7276] 错误 1
make[1]: 离开目录“/home/day/CTGUI/test2/iiCTs_v2025.8.22/Geant4Object/StaticCT_interval/build/CMakeFiles/CMakeTmp”
make: *** [Makefile:121：cmTC_d7276/fast] 错误 2


Source file was:
#include <pthread.h>

void* test_func(void* data)
{
  return data;
}

int main(void)
{
  pthread_t thread;
  pthread_create(&thread, NULL, test_func, NULL);
  pthread_detach(thread);
  pthread_join(thread, NULL);
  pthread_atfork(NULL, NULL, NULL);
  pthread_exit(NULL);

  return 0;
}

Performing C SOURCE FILE Test CMAKE_HAVE_LIBC_PTHREAD failed with the following output:
Change Dir: /home/day/CTGUI/test2/iiCTs_v2025.8.22/Geant4Object/StaticCT_interval/build/CMakeFiles/CMakeTmp

Run Build Command(s):/usr/bin/make cmTC_0fc49/fast && /usr/bin/make -f CMakeFiles/cmTC_0fc49.dir/build.make CMakeFiles/cmTC_0fc49.dir/build
make[1]: 进入目录“/home/day/CTGUI/test2/iiCTs_v2025.8.22/Geant4Object/StaticCT_interval/build/CMakeFiles/CMakeTmp”
Building C object CMakeFiles/cmTC_0fc49.dir/src.c.o
/usr/bin/cc   -DCMAKE_HAVE_LIBC_PTHREAD   -o CMakeFiles/cmTC_0fc49.dir/src.c.o   -c /home/day/CTGUI/test2/iiCTs_v2025.8.22/Geant4Object/StaticCT_interval/build/CMakeFiles/CMakeTmp/src.c
Linking C executable cmTC_0fc49
/usr/bin/cmake -E cmake_link_script CMakeFiles/cmTC_0fc49.dir/link.txt --verbose=1
/usr/bin/cc  -DCMAKE_HAVE_LIBC_PTHREAD    CMakeFiles/cmTC_0fc49.dir/src.c.o  -o cmTC_0fc49 
/usr/bin/ld: CMakeFiles/cmTC_0fc49.dir/src.c.o: in function `main':
src.c:(.text+0x46): undefined reference to `pthread_create'
/usr/bin/ld: src.c:(.text+0x52): undefined reference to `pthread_detach'
/usr/bin/ld: src.c:(.text+0x63): undefined reference to `pthread_join'
collect2: error: ld returned 1 exit status
make[1]: *** [CMakeFiles/cmTC_0fc49.dir/build.make:87：cmTC_0fc49] 错误 1
make[1]: 离开目录“/home/day/CTGUI/test2/iiCTs_v2025.8.22/Geant4Object/StaticCT_interval/build/CMakeFiles/CMakeTmp”
make: *** [Makefile:121：cmTC_0fc49/fast] 错误 2


Source file was:
#include <pthread.h>

void* test_func(void* data)
{
  return data;
}

int main(void)
{
  pthread_t thread;
  pthread_create(&thread, NULL, test_func, NULL);
  pthread_detach(thread);
  pthread_join(thread, NULL);
  pthread_atfork(NULL, NULL, NULL);
  pthread_exit(NULL);

  return 0;
}

