Performing C SOURCE FILE Test CMAKE_HAVE_LIBC_PTHREAD failed with the following output:
Change Dir: /home/day/Geant4/geant4-install/share/Geant4/examples/extended/medical/Script/build/CMakeFiles/CMakeTmp

Run Build Command(s):/usr/bin/make cmTC_5b8c0/fast && /usr/bin/make -f CMakeFiles/cmTC_5b8c0.dir/build.make CMakeFiles/cmTC_5b8c0.dir/build
make[1]: 进入目录“/home/day/Geant4/geant4-install/share/Geant4/examples/extended/medical/Script/build/CMakeFiles/CMakeTmp”
Building C object CMakeFiles/cmTC_5b8c0.dir/src.c.o
/usr/bin/cc   -DCMAKE_HAVE_LIBC_PTHREAD   -o CMakeFiles/cmTC_5b8c0.dir/src.c.o   -c /home/day/Geant4/geant4-install/share/Geant4/examples/extended/medical/Script/build/CMakeFiles/CMakeTmp/src.c
Linking C executable cmTC_5b8c0
/usr/bin/cmake -E cmake_link_script CMakeFiles/cmTC_5b8c0.dir/link.txt --verbose=1
/usr/bin/cc  -DCMAKE_HAVE_LIBC_PTHREAD    CMakeFiles/cmTC_5b8c0.dir/src.c.o  -o cmTC_5b8c0 
/usr/bin/ld: CMakeFiles/cmTC_5b8c0.dir/src.c.o: in function `main':
src.c:(.text+0x46): undefined reference to `pthread_create'
/usr/bin/ld: src.c:(.text+0x52): undefined reference to `pthread_detach'
/usr/bin/ld: src.c:(.text+0x63): undefined reference to `pthread_join'
collect2: error: ld returned 1 exit status
make[1]: *** [CMakeFiles/cmTC_5b8c0.dir/build.make:87：cmTC_5b8c0] 错误 1
make[1]: 离开目录“/home/day/Geant4/geant4-install/share/Geant4/examples/extended/medical/Script/build/CMakeFiles/CMakeTmp”
make: *** [Makefile:121：cmTC_5b8c0/fast] 错误 2


Source file was:
#include <pthread.h>

void* test_func(void* data)
{
  return data;
}

int main(void)
{
  pthread_t thread;
  pthread_create(&thread, NULL, test_func, NULL);
  pthread_detach(thread);
  pthread_join(thread, NULL);
  pthread_atfork(NULL, NULL, NULL);
  pthread_exit(NULL);

  return 0;
}

Performing C SOURCE FILE Test CMAKE_HAVE_LIBC_PTHREAD failed with the following output:
Change Dir: /home/day/Geant4/geant4-install/share/Geant4/examples/extended/medical/Script/build/CMakeFiles/CMakeTmp

Run Build Command(s):/usr/bin/make cmTC_9b642/fast && /usr/bin/make -f CMakeFiles/cmTC_9b642.dir/build.make CMakeFiles/cmTC_9b642.dir/build
make[1]: 进入目录“/home/day/Geant4/geant4-install/share/Geant4/examples/extended/medical/Script/build/CMakeFiles/CMakeTmp”
Building C object CMakeFiles/cmTC_9b642.dir/src.c.o
/usr/bin/cc   -DCMAKE_HAVE_LIBC_PTHREAD   -o CMakeFiles/cmTC_9b642.dir/src.c.o   -c /home/day/Geant4/geant4-install/share/Geant4/examples/extended/medical/Script/build/CMakeFiles/CMakeTmp/src.c
Linking C executable cmTC_9b642
/usr/bin/cmake -E cmake_link_script CMakeFiles/cmTC_9b642.dir/link.txt --verbose=1
/usr/bin/cc  -DCMAKE_HAVE_LIBC_PTHREAD    CMakeFiles/cmTC_9b642.dir/src.c.o  -o cmTC_9b642 
/usr/bin/ld: CMakeFiles/cmTC_9b642.dir/src.c.o: in function `main':
src.c:(.text+0x46): undefined reference to `pthread_create'
/usr/bin/ld: src.c:(.text+0x52): undefined reference to `pthread_detach'
/usr/bin/ld: src.c:(.text+0x63): undefined reference to `pthread_join'
collect2: error: ld returned 1 exit status
make[1]: *** [CMakeFiles/cmTC_9b642.dir/build.make:87：cmTC_9b642] 错误 1
make[1]: 离开目录“/home/day/Geant4/geant4-install/share/Geant4/examples/extended/medical/Script/build/CMakeFiles/CMakeTmp”
make: *** [Makefile:121：cmTC_9b642/fast] 错误 2


Source file was:
#include <pthread.h>

void* test_func(void* data)
{
  return data;
}

int main(void)
{
  pthread_t thread;
  pthread_create(&thread, NULL, test_func, NULL);
  pthread_detach(thread);
  pthread_join(thread, NULL);
  pthread_atfork(NULL, NULL, NULL);
  pthread_exit(NULL);

  return 0;
}

Performing C SOURCE FILE Test CMAKE_HAVE_LIBC_PTHREAD failed with the following output:
Change Dir: /home/day/Geant4/geant4-install/share/Geant4/examples/extended/medical/Script/build/CMakeFiles/CMakeTmp

Run Build Command(s):/usr/bin/make cmTC_ab90b/fast && /usr/bin/make -f CMakeFiles/cmTC_ab90b.dir/build.make CMakeFiles/cmTC_ab90b.dir/build
make[1]: 进入目录“/home/day/Geant4/geant4-install/share/Geant4/examples/extended/medical/Script/build/CMakeFiles/CMakeTmp”
Building C object CMakeFiles/cmTC_ab90b.dir/src.c.o
/usr/bin/cc   -DCMAKE_HAVE_LIBC_PTHREAD   -o CMakeFiles/cmTC_ab90b.dir/src.c.o   -c /home/day/Geant4/geant4-install/share/Geant4/examples/extended/medical/Script/build/CMakeFiles/CMakeTmp/src.c
Linking C executable cmTC_ab90b
/usr/bin/cmake -E cmake_link_script CMakeFiles/cmTC_ab90b.dir/link.txt --verbose=1
/usr/bin/cc  -DCMAKE_HAVE_LIBC_PTHREAD    CMakeFiles/cmTC_ab90b.dir/src.c.o  -o cmTC_ab90b 
/usr/bin/ld: CMakeFiles/cmTC_ab90b.dir/src.c.o: in function `main':
src.c:(.text+0x46): undefined reference to `pthread_create'
/usr/bin/ld: src.c:(.text+0x52): undefined reference to `pthread_detach'
/usr/bin/ld: src.c:(.text+0x63): undefined reference to `pthread_join'
collect2: error: ld returned 1 exit status
make[1]: *** [CMakeFiles/cmTC_ab90b.dir/build.make:87：cmTC_ab90b] 错误 1
make[1]: 离开目录“/home/day/Geant4/geant4-install/share/Geant4/examples/extended/medical/Script/build/CMakeFiles/CMakeTmp”
make: *** [Makefile:121：cmTC_ab90b/fast] 错误 2


Source file was:
#include <pthread.h>

void* test_func(void* data)
{
  return data;
}

int main(void)
{
  pthread_t thread;
  pthread_create(&thread, NULL, test_func, NULL);
  pthread_detach(thread);
  pthread_join(thread, NULL);
  pthread_atfork(NULL, NULL, NULL);
  pthread_exit(NULL);

  return 0;
}

Performing C SOURCE FILE Test CMAKE_HAVE_LIBC_PTHREAD failed with the following output:
Change Dir: /home/day/Geant4/geant4-install/share/Geant4/examples/extended/medical/Script/build/CMakeFiles/CMakeTmp

Run Build Command(s):/usr/bin/make cmTC_5ab09/fast && /usr/bin/make -f CMakeFiles/cmTC_5ab09.dir/build.make CMakeFiles/cmTC_5ab09.dir/build
make[1]: 进入目录“/home/day/Geant4/geant4-install/share/Geant4/examples/extended/medical/Script/build/CMakeFiles/CMakeTmp”
Building C object CMakeFiles/cmTC_5ab09.dir/src.c.o
/usr/bin/cc   -DCMAKE_HAVE_LIBC_PTHREAD   -o CMakeFiles/cmTC_5ab09.dir/src.c.o   -c /home/day/Geant4/geant4-install/share/Geant4/examples/extended/medical/Script/build/CMakeFiles/CMakeTmp/src.c
Linking C executable cmTC_5ab09
/usr/bin/cmake -E cmake_link_script CMakeFiles/cmTC_5ab09.dir/link.txt --verbose=1
/usr/bin/cc  -DCMAKE_HAVE_LIBC_PTHREAD    CMakeFiles/cmTC_5ab09.dir/src.c.o  -o cmTC_5ab09 
/usr/bin/ld: CMakeFiles/cmTC_5ab09.dir/src.c.o: in function `main':
src.c:(.text+0x46): undefined reference to `pthread_create'
/usr/bin/ld: src.c:(.text+0x52): undefined reference to `pthread_detach'
/usr/bin/ld: src.c:(.text+0x63): undefined reference to `pthread_join'
collect2: error: ld returned 1 exit status
make[1]: *** [CMakeFiles/cmTC_5ab09.dir/build.make:87：cmTC_5ab09] 错误 1
make[1]: 离开目录“/home/day/Geant4/geant4-install/share/Geant4/examples/extended/medical/Script/build/CMakeFiles/CMakeTmp”
make: *** [Makefile:121：cmTC_5ab09/fast] 错误 2


Source file was:
#include <pthread.h>

void* test_func(void* data)
{
  return data;
}

int main(void)
{
  pthread_t thread;
  pthread_create(&thread, NULL, test_func, NULL);
  pthread_detach(thread);
  pthread_join(thread, NULL);
  pthread_atfork(NULL, NULL, NULL);
  pthread_exit(NULL);

  return 0;
}

Performing C SOURCE FILE Test CMAKE_HAVE_LIBC_PTHREAD failed with the following output:
Change Dir: /home/day/Geant4/geant4-install/share/Geant4/examples/extended/medical/Script/build/CMakeFiles/CMakeTmp

Run Build Command(s):/usr/bin/make cmTC_70c9f/fast && /usr/bin/make -f CMakeFiles/cmTC_70c9f.dir/build.make CMakeFiles/cmTC_70c9f.dir/build
make[1]: 进入目录“/home/day/Geant4/geant4-install/share/Geant4/examples/extended/medical/Script/build/CMakeFiles/CMakeTmp”
Building C object CMakeFiles/cmTC_70c9f.dir/src.c.o
/usr/bin/cc   -DCMAKE_HAVE_LIBC_PTHREAD   -o CMakeFiles/cmTC_70c9f.dir/src.c.o   -c /home/day/Geant4/geant4-install/share/Geant4/examples/extended/medical/Script/build/CMakeFiles/CMakeTmp/src.c
Linking C executable cmTC_70c9f
/usr/bin/cmake -E cmake_link_script CMakeFiles/cmTC_70c9f.dir/link.txt --verbose=1
/usr/bin/cc  -DCMAKE_HAVE_LIBC_PTHREAD    CMakeFiles/cmTC_70c9f.dir/src.c.o  -o cmTC_70c9f 
/usr/bin/ld: CMakeFiles/cmTC_70c9f.dir/src.c.o: in function `main':
src.c:(.text+0x46): undefined reference to `pthread_create'
/usr/bin/ld: src.c:(.text+0x52): undefined reference to `pthread_detach'
/usr/bin/ld: src.c:(.text+0x63): undefined reference to `pthread_join'
collect2: error: ld returned 1 exit status
make[1]: *** [CMakeFiles/cmTC_70c9f.dir/build.make:87：cmTC_70c9f] 错误 1
make[1]: 离开目录“/home/day/Geant4/geant4-install/share/Geant4/examples/extended/medical/Script/build/CMakeFiles/CMakeTmp”
make: *** [Makefile:121：cmTC_70c9f/fast] 错误 2


Source file was:
#include <pthread.h>

void* test_func(void* data)
{
  return data;
}

int main(void)
{
  pthread_t thread;
  pthread_create(&thread, NULL, test_func, NULL);
  pthread_detach(thread);
  pthread_join(thread, NULL);
  pthread_atfork(NULL, NULL, NULL);
  pthread_exit(NULL);

  return 0;
}

Performing C SOURCE FILE Test CMAKE_HAVE_LIBC_PTHREAD failed with the following output:
Change Dir: /home/day/Geant4/geant4-install/share/Geant4/examples/extended/medical/HelicalCT/build/CMakeFiles/CMakeTmp

Run Build Command(s):/usr/bin/make cmTC_62b43/fast && /usr/bin/make -f CMakeFiles/cmTC_62b43.dir/build.make CMakeFiles/cmTC_62b43.dir/build
make[1]: 进入目录“/home/day/Geant4/geant4-install/share/Geant4/examples/extended/medical/HelicalCT/build/CMakeFiles/CMakeTmp”
Building C object CMakeFiles/cmTC_62b43.dir/src.c.o
/usr/bin/cc   -DCMAKE_HAVE_LIBC_PTHREAD   -o CMakeFiles/cmTC_62b43.dir/src.c.o   -c /home/day/Geant4/geant4-install/share/Geant4/examples/extended/medical/HelicalCT/build/CMakeFiles/CMakeTmp/src.c
Linking C executable cmTC_62b43
/usr/bin/cmake -E cmake_link_script CMakeFiles/cmTC_62b43.dir/link.txt --verbose=1
/usr/bin/cc  -DCMAKE_HAVE_LIBC_PTHREAD    CMakeFiles/cmTC_62b43.dir/src.c.o  -o cmTC_62b43 
/usr/bin/ld: CMakeFiles/cmTC_62b43.dir/src.c.o: in function `main':
src.c:(.text+0x46): undefined reference to `pthread_create'
/usr/bin/ld: src.c:(.text+0x52): undefined reference to `pthread_detach'
/usr/bin/ld: src.c:(.text+0x63): undefined reference to `pthread_join'
collect2: error: ld returned 1 exit status
make[1]: *** [CMakeFiles/cmTC_62b43.dir/build.make:87：cmTC_62b43] 错误 1
make[1]: 离开目录“/home/day/Geant4/geant4-install/share/Geant4/examples/extended/medical/HelicalCT/build/CMakeFiles/CMakeTmp”
make: *** [Makefile:121：cmTC_62b43/fast] 错误 2


Source file was:
#include <pthread.h>

void* test_func(void* data)
{
  return data;
}

int main(void)
{
  pthread_t thread;
  pthread_create(&thread, NULL, test_func, NULL);
  pthread_detach(thread);
  pthread_join(thread, NULL);
  pthread_atfork(NULL, NULL, NULL);
  pthread_exit(NULL);

  return 0;
}

Performing C SOURCE FILE Test CMAKE_HAVE_LIBC_PTHREAD failed with the following output:
Change Dir: /home/day/Geant4/geant4-install/share/Geant4/examples/extended/medical/LinearCT/build/CMakeFiles/CMakeTmp

Run Build Command(s):/usr/bin/make cmTC_44bb3/fast && /usr/bin/make -f CMakeFiles/cmTC_44bb3.dir/build.make CMakeFiles/cmTC_44bb3.dir/build
make[1]: 进入目录“/home/day/Geant4/geant4-install/share/Geant4/examples/extended/medical/LinearCT/build/CMakeFiles/CMakeTmp”
Building C object CMakeFiles/cmTC_44bb3.dir/src.c.o
/usr/bin/cc   -DCMAKE_HAVE_LIBC_PTHREAD   -o CMakeFiles/cmTC_44bb3.dir/src.c.o   -c /home/day/Geant4/geant4-install/share/Geant4/examples/extended/medical/LinearCT/build/CMakeFiles/CMakeTmp/src.c
Linking C executable cmTC_44bb3
/usr/bin/cmake -E cmake_link_script CMakeFiles/cmTC_44bb3.dir/link.txt --verbose=1
/usr/bin/cc  -DCMAKE_HAVE_LIBC_PTHREAD    CMakeFiles/cmTC_44bb3.dir/src.c.o  -o cmTC_44bb3 
/usr/bin/ld: CMakeFiles/cmTC_44bb3.dir/src.c.o: in function `main':
src.c:(.text+0x46): undefined reference to `pthread_create'
/usr/bin/ld: src.c:(.text+0x52): undefined reference to `pthread_detach'
/usr/bin/ld: src.c:(.text+0x63): undefined reference to `pthread_join'
collect2: error: ld returned 1 exit status
make[1]: *** [CMakeFiles/cmTC_44bb3.dir/build.make:87：cmTC_44bb3] 错误 1
make[1]: 离开目录“/home/day/Geant4/geant4-install/share/Geant4/examples/extended/medical/LinearCT/build/CMakeFiles/CMakeTmp”
make: *** [Makefile:121：cmTC_44bb3/fast] 错误 2


Source file was:
#include <pthread.h>

void* test_func(void* data)
{
  return data;
}

int main(void)
{
  pthread_t thread;
  pthread_create(&thread, NULL, test_func, NULL);
  pthread_detach(thread);
  pthread_join(thread, NULL);
  pthread_atfork(NULL, NULL, NULL);
  pthread_exit(NULL);

  return 0;
}

Performing C SOURCE FILE Test CMAKE_HAVE_LIBC_PTHREAD failed with the following output:
Change Dir: /home/day/CTGUI/test2/iiCTs_v2025.8.22/Geant4Object/LinearCT/build/CMakeFiles/CMakeTmp

Run Build Command(s):/usr/bin/make cmTC_c47c2/fast && /usr/bin/make -f CMakeFiles/cmTC_c47c2.dir/build.make CMakeFiles/cmTC_c47c2.dir/build
make[1]: 进入目录“/home/day/CTGUI/test2/iiCTs_v2025.8.22/Geant4Object/LinearCT/build/CMakeFiles/CMakeTmp”
Building C object CMakeFiles/cmTC_c47c2.dir/src.c.o
/usr/bin/cc   -DCMAKE_HAVE_LIBC_PTHREAD   -o CMakeFiles/cmTC_c47c2.dir/src.c.o   -c /home/day/CTGUI/test2/iiCTs_v2025.8.22/Geant4Object/LinearCT/build/CMakeFiles/CMakeTmp/src.c
Linking C executable cmTC_c47c2
/usr/bin/cmake -E cmake_link_script CMakeFiles/cmTC_c47c2.dir/link.txt --verbose=1
/usr/bin/cc  -DCMAKE_HAVE_LIBC_PTHREAD    CMakeFiles/cmTC_c47c2.dir/src.c.o  -o cmTC_c47c2 
/usr/bin/ld: CMakeFiles/cmTC_c47c2.dir/src.c.o: in function `main':
src.c:(.text+0x46): undefined reference to `pthread_create'
/usr/bin/ld: src.c:(.text+0x52): undefined reference to `pthread_detach'
/usr/bin/ld: src.c:(.text+0x63): undefined reference to `pthread_join'
collect2: error: ld returned 1 exit status
make[1]: *** [CMakeFiles/cmTC_c47c2.dir/build.make:87：cmTC_c47c2] 错误 1
make[1]: 离开目录“/home/day/CTGUI/test2/iiCTs_v2025.8.22/Geant4Object/LinearCT/build/CMakeFiles/CMakeTmp”
make: *** [Makefile:121：cmTC_c47c2/fast] 错误 2


Source file was:
#include <pthread.h>

void* test_func(void* data)
{
  return data;
}

int main(void)
{
  pthread_t thread;
  pthread_create(&thread, NULL, test_func, NULL);
  pthread_detach(thread);
  pthread_join(thread, NULL);
  pthread_atfork(NULL, NULL, NULL);
  pthread_exit(NULL);

  return 0;
}

Performing C SOURCE FILE Test CMAKE_HAVE_LIBC_PTHREAD failed with the following output:
Change Dir: /home/day/CTGUI/test2/iiCTs_v2025.8.22/Geant4Object/LinearCT/build/CMakeFiles/CMakeTmp

Run Build Command(s):/usr/bin/make cmTC_17f13/fast && /usr/bin/make -f CMakeFiles/cmTC_17f13.dir/build.make CMakeFiles/cmTC_17f13.dir/build
make[1]: 进入目录“/home/day/CTGUI/test2/iiCTs_v2025.8.22/Geant4Object/LinearCT/build/CMakeFiles/CMakeTmp”
Building C object CMakeFiles/cmTC_17f13.dir/src.c.o
/usr/bin/cc   -DCMAKE_HAVE_LIBC_PTHREAD   -o CMakeFiles/cmTC_17f13.dir/src.c.o   -c /home/day/CTGUI/test2/iiCTs_v2025.8.22/Geant4Object/LinearCT/build/CMakeFiles/CMakeTmp/src.c
Linking C executable cmTC_17f13
/usr/bin/cmake -E cmake_link_script CMakeFiles/cmTC_17f13.dir/link.txt --verbose=1
/usr/bin/cc  -DCMAKE_HAVE_LIBC_PTHREAD    CMakeFiles/cmTC_17f13.dir/src.c.o  -o cmTC_17f13 
/usr/bin/ld: CMakeFiles/cmTC_17f13.dir/src.c.o: in function `main':
src.c:(.text+0x46): undefined reference to `pthread_create'
/usr/bin/ld: src.c:(.text+0x52): undefined reference to `pthread_detach'
/usr/bin/ld: src.c:(.text+0x63): undefined reference to `pthread_join'
collect2: error: ld returned 1 exit status
make[1]: *** [CMakeFiles/cmTC_17f13.dir/build.make:87：cmTC_17f13] 错误 1
make[1]: 离开目录“/home/day/CTGUI/test2/iiCTs_v2025.8.22/Geant4Object/LinearCT/build/CMakeFiles/CMakeTmp”
make: *** [Makefile:121：cmTC_17f13/fast] 错误 2


Source file was:
#include <pthread.h>

void* test_func(void* data)
{
  return data;
}

int main(void)
{
  pthread_t thread;
  pthread_create(&thread, NULL, test_func, NULL);
  pthread_detach(thread);
  pthread_join(thread, NULL);
  pthread_atfork(NULL, NULL, NULL);
  pthread_exit(NULL);

  return 0;
}

Performing C SOURCE FILE Test CMAKE_HAVE_LIBC_PTHREAD failed with the following output:
Change Dir: /home/day/CTGUI/test2/iiCTs_v2025.8.22/Geant4Object/LinearCT/build/CMakeFiles/CMakeTmp

Run Build Command(s):/usr/bin/make cmTC_25100/fast && /usr/bin/make -f CMakeFiles/cmTC_25100.dir/build.make CMakeFiles/cmTC_25100.dir/build
make[1]: 进入目录“/home/day/CTGUI/test2/iiCTs_v2025.8.22/Geant4Object/LinearCT/build/CMakeFiles/CMakeTmp”
Building C object CMakeFiles/cmTC_25100.dir/src.c.o
/usr/bin/cc   -DCMAKE_HAVE_LIBC_PTHREAD   -o CMakeFiles/cmTC_25100.dir/src.c.o   -c /home/day/CTGUI/test2/iiCTs_v2025.8.22/Geant4Object/LinearCT/build/CMakeFiles/CMakeTmp/src.c
Linking C executable cmTC_25100
/usr/bin/cmake -E cmake_link_script CMakeFiles/cmTC_25100.dir/link.txt --verbose=1
/usr/bin/cc  -DCMAKE_HAVE_LIBC_PTHREAD    CMakeFiles/cmTC_25100.dir/src.c.o  -o cmTC_25100 
/usr/bin/ld: CMakeFiles/cmTC_25100.dir/src.c.o: in function `main':
src.c:(.text+0x46): undefined reference to `pthread_create'
/usr/bin/ld: src.c:(.text+0x52): undefined reference to `pthread_detach'
/usr/bin/ld: src.c:(.text+0x63): undefined reference to `pthread_join'
collect2: error: ld returned 1 exit status
make[1]: *** [CMakeFiles/cmTC_25100.dir/build.make:87：cmTC_25100] 错误 1
make[1]: 离开目录“/home/day/CTGUI/test2/iiCTs_v2025.8.22/Geant4Object/LinearCT/build/CMakeFiles/CMakeTmp”
make: *** [Makefile:121：cmTC_25100/fast] 错误 2


Source file was:
#include <pthread.h>

void* test_func(void* data)
{
  return data;
}

int main(void)
{
  pthread_t thread;
  pthread_create(&thread, NULL, test_func, NULL);
  pthread_detach(thread);
  pthread_join(thread, NULL);
  pthread_atfork(NULL, NULL, NULL);
  pthread_exit(NULL);

  return 0;
}

